06:58:23.354 [main] INFO  c.z.start.SpringbootStartApplication - Starting SpringbootStartApplication on 192.168.2.103 with PID 67361 (/Users/zhangchenghao/code_learn/springboot-start/target/classes started by zhangchenghao in /Users/zhangchenghao/code_learn)
06:58:23.358 [main] INFO  c.z.start.SpringbootStartApplication - No active profile set, falling back to default profiles: default
06:58:23.425 [main] INFO  o.s.b.w.s.c.AnnotationConfigServletWebServerApplicationContext - Refreshing org.springframework.boot.web.servlet.context.AnnotationConfigServletWebServerApplicationContext@64ba3208: startup date [Wed Aug 29 06:58:23 CST 2018]; root of context hierarchy
06:58:24.360 [main] INFO  o.s.b.f.a.AutowiredAnnotationBeanPostProcessor - JSR-330 'javax.inject.Inject' annotation found and supported for autowiring
06:58:24.897 [main] INFO  o.s.b.w.e.tomcat.TomcatWebServer - Tomcat initialized with port(s): 9090 (http)
06:58:24.916 [main] INFO  o.a.coyote.http11.Http11NioProtocol - Initializing ProtocolHandler ["http-nio-9090"]
06:58:24.930 [main] INFO  o.a.catalina.core.StandardService - Starting service [Tomcat]
06:58:24.930 [main] INFO  o.a.catalina.core.StandardEngine - Starting Servlet Engine: Apache Tomcat/8.5.32
06:58:24.935 [localhost-startStop-1] INFO  o.a.c.core.AprLifecycleListener - The APR based Apache Tomcat Native library which allows optimal performance in production environments was not found on the java.library.path: [/Users/zhangchenghao/Library/Java/Extensions:/Library/Java/Extensions:/Network/Library/Java/Extensions:/System/Library/Java/Extensions:/usr/lib/java:.]
06:58:25.035 [localhost-startStop-1] INFO  o.a.c.c.C.[Tomcat].[localhost].[/] - Initializing Spring embedded WebApplicationContext
06:58:25.035 [localhost-startStop-1] INFO  o.s.web.context.ContextLoader - Root WebApplicationContext: initialization completed in 1610 ms
06:58:25.096 [localhost-startStop-1] INFO  o.s.b.w.s.ServletRegistrationBean - Servlet dispatcherServlet mapped to [/]
06:58:25.101 [localhost-startStop-1] INFO  o.s.b.w.s.FilterRegistrationBean - Mapping filter: 'characterEncodingFilter' to: [/*]
06:58:25.101 [localhost-startStop-1] INFO  o.s.b.w.s.FilterRegistrationBean - Mapping filter: 'hiddenHttpMethodFilter' to: [/*]
06:58:25.101 [localhost-startStop-1] INFO  o.s.b.w.s.FilterRegistrationBean - Mapping filter: 'httpPutFormContentFilter' to: [/*]
06:58:25.102 [localhost-startStop-1] INFO  o.s.b.w.s.FilterRegistrationBean - Mapping filter: 'requestContextFilter' to: [/*]
06:58:25.228 [main] WARN  o.s.b.w.s.c.AnnotationConfigServletWebServerApplicationContext - Exception encountered during context initialization - cancelling refresh attempt: org.springframework.beans.factory.BeanCreationException: Error creating bean with name 'defaultValidator' defined in class path resource [org/springframework/boot/autoconfigure/validation/ValidationAutoConfiguration.class]: Invocation of init method failed; nested exception is java.lang.NoSuchMethodError: javax.validation.BootstrapConfiguration.getClockProviderClassName()Ljava/lang/String;
06:58:25.231 [main] INFO  o.a.catalina.core.StandardService - Stopping service [Tomcat]
06:58:25.245 [main] INFO  o.s.b.a.l.ConditionEvaluationReportLoggingListener - 

Error starting ApplicationContext. To display the conditions report re-run your application with 'debug' enabled.
06:58:25.250 [main] ERROR o.s.boot.SpringApplication - Application run failed
org.springframework.beans.factory.BeanCreationException: Error creating bean with name 'defaultValidator' defined in class path resource [org/springframework/boot/autoconfigure/validation/ValidationAutoConfiguration.class]: Invocation of init method failed; nested exception is java.lang.NoSuchMethodError: javax.validation.BootstrapConfiguration.getClockProviderClassName()Ljava/lang/String;
	at org.springframework.beans.factory.support.AbstractAutowireCapableBeanFactory.initializeBean(AbstractAutowireCapableBeanFactory.java:1699)
	at org.springframework.beans.factory.support.AbstractAutowireCapableBeanFactory.doCreateBean(AbstractAutowireCapableBeanFactory.java:573)
	at org.springframework.beans.factory.support.AbstractAutowireCapableBeanFactory.createBean(AbstractAutowireCapableBeanFactory.java:495)
	at org.springframework.beans.factory.support.AbstractBeanFactory.lambda$doGetBean$0(AbstractBeanFactory.java:317)
	at org.springframework.beans.factory.support.DefaultSingletonBeanRegistry.getSingleton(DefaultSingletonBeanRegistry.java:222)
	at org.springframework.beans.factory.support.AbstractBeanFactory.doGetBean(AbstractBeanFactory.java:315)
	at org.springframework.beans.factory.support.AbstractBeanFactory.getBean(AbstractBeanFactory.java:199)
	at org.springframework.beans.factory.support.DefaultListableBeanFactory.preInstantiateSingletons(DefaultListableBeanFactory.java:759)
	at org.springframework.context.support.AbstractApplicationContext.finishBeanFactoryInitialization(AbstractApplicationContext.java:869)
	at org.springframework.context.support.AbstractApplicationContext.refresh(AbstractApplicationContext.java:550)
	at org.springframework.boot.web.servlet.context.ServletWebServerApplicationContext.refresh(ServletWebServerApplicationContext.java:140)
	at org.springframework.boot.SpringApplication.refresh(SpringApplication.java:762)
	at org.springframework.boot.SpringApplication.refreshContext(SpringApplication.java:398)
	at org.springframework.boot.SpringApplication.run(SpringApplication.java:330)
	at org.springframework.boot.SpringApplication.run(SpringApplication.java:1258)
	at org.springframework.boot.SpringApplication.run(SpringApplication.java:1246)
	at com.zhang.start.SpringbootStartApplication.main(SpringbootStartApplication.java:10)
Caused by: java.lang.NoSuchMethodError: javax.validation.BootstrapConfiguration.getClockProviderClassName()Ljava/lang/String;
	at org.hibernate.validator.internal.xml.config.ValidationBootstrapParameters.<init>(ValidationBootstrapParameters.java:63)
	at org.hibernate.validator.internal.engine.ConfigurationImpl.parseValidationXml(ConfigurationImpl.java:540)
	at org.hibernate.validator.internal.engine.ConfigurationImpl.buildValidatorFactory(ConfigurationImpl.java:337)
	at org.springframework.validation.beanvalidation.LocalValidatorFactoryBean.afterPropertiesSet(LocalValidatorFactoryBean.java:309)
	at org.springframework.beans.factory.support.AbstractAutowireCapableBeanFactory.invokeInitMethods(AbstractAutowireCapableBeanFactory.java:1758)
	at org.springframework.beans.factory.support.AbstractAutowireCapableBeanFactory.initializeBean(AbstractAutowireCapableBeanFactory.java:1695)
	... 16 common frames omitted
07:12:33.778 [main] INFO  c.z.start.SpringbootStartApplication - Starting SpringbootStartApplication on 192.168.2.103 with PID 67456 (/Users/zhangchenghao/code_learn/springboot-start/target/classes started by zhangchenghao in /Users/zhangchenghao/code_learn)
07:12:33.782 [main] INFO  c.z.start.SpringbootStartApplication - No active profile set, falling back to default profiles: default
07:12:33.874 [main] INFO  o.s.b.w.s.c.AnnotationConfigServletWebServerApplicationContext - Refreshing org.springframework.boot.web.servlet.context.AnnotationConfigServletWebServerApplicationContext@23fb172e: startup date [Wed Aug 29 07:12:33 CST 2018]; root of context hierarchy
07:12:34.981 [main] INFO  o.s.b.f.a.AutowiredAnnotationBeanPostProcessor - JSR-330 'javax.inject.Inject' annotation found and supported for autowiring
07:12:35.453 [main] INFO  o.s.b.w.e.tomcat.TomcatWebServer - Tomcat initialized with port(s): 9090 (http)
07:12:35.462 [main] INFO  o.a.coyote.http11.Http11NioProtocol - Initializing ProtocolHandler ["http-nio-9090"]
07:12:35.469 [main] INFO  o.a.catalina.core.StandardService - Starting service [Tomcat]
07:12:35.470 [main] INFO  o.a.catalina.core.StandardEngine - Starting Servlet Engine: Apache Tomcat/8.5.32
07:12:35.473 [localhost-startStop-1] INFO  o.a.c.core.AprLifecycleListener - The APR based Apache Tomcat Native library which allows optimal performance in production environments was not found on the java.library.path: [/Users/zhangchenghao/Library/Java/Extensions:/Library/Java/Extensions:/Network/Library/Java/Extensions:/System/Library/Java/Extensions:/usr/lib/java:.]
07:12:35.524 [localhost-startStop-1] INFO  o.a.c.c.C.[Tomcat].[localhost].[/] - Initializing Spring embedded WebApplicationContext
07:12:35.525 [localhost-startStop-1] INFO  o.s.web.context.ContextLoader - Root WebApplicationContext: initialization completed in 1651 ms
07:12:35.560 [localhost-startStop-1] INFO  o.s.b.w.s.ServletRegistrationBean - Servlet dispatcherServlet mapped to [/]
07:12:35.563 [localhost-startStop-1] INFO  o.s.b.w.s.FilterRegistrationBean - Mapping filter: 'characterEncodingFilter' to: [/*]
07:12:35.563 [localhost-startStop-1] INFO  o.s.b.w.s.FilterRegistrationBean - Mapping filter: 'hiddenHttpMethodFilter' to: [/*]
07:12:35.563 [localhost-startStop-1] INFO  o.s.b.w.s.FilterRegistrationBean - Mapping filter: 'httpPutFormContentFilter' to: [/*]
07:12:35.563 [localhost-startStop-1] INFO  o.s.b.w.s.FilterRegistrationBean - Mapping filter: 'requestContextFilter' to: [/*]
07:12:35.692 [main] INFO  o.s.w.s.h.SimpleUrlHandlerMapping - Mapped URL path [/**/favicon.ico] onto handler of type [class org.springframework.web.servlet.resource.ResourceHttpRequestHandler]
07:12:35.849 [main] INFO  o.s.w.s.m.m.a.RequestMappingHandlerAdapter - Looking for @ControllerAdvice: org.springframework.boot.web.servlet.context.AnnotationConfigServletWebServerApplicationContext@23fb172e: startup date [Wed Aug 29 07:12:33 CST 2018]; root of context hierarchy
07:12:35.891 [main] INFO  o.s.w.s.m.m.a.RequestMappingHandlerMapping - Mapped "{[/hello]}" onto private java.lang.String com.zhang.start.controller.HelloController.index()
07:12:35.891 [main] INFO  o.s.w.s.m.m.a.RequestMappingHandlerMapping - Mapped "{[/testErr]}" onto private java.lang.String com.zhang.start.controller.HelloController.testErr()
07:12:35.892 [main] WARN  o.s.b.w.s.c.AnnotationConfigServletWebServerApplicationContext - Exception encountered during context initialization - cancelling refresh attempt: org.springframework.beans.factory.BeanCreationException: Error creating bean with name 'requestMappingHandlerMapping' defined in class path resource [org/springframework/boot/autoconfigure/web/servlet/WebMvcAutoConfiguration$EnableWebMvcConfiguration.class]: Invocation of init method failed; nested exception is java.lang.IllegalStateException: Ambiguous mapping. Cannot map 'websocketController' method 
private java.lang.String com.zhang.start.controller.WebsocketController.index()
to {[/hello]}: There is already 'helloController' bean method
private java.lang.String com.zhang.start.controller.HelloController.index() mapped.
07:12:35.894 [main] INFO  o.a.catalina.core.StandardService - Stopping service [Tomcat]
07:12:35.912 [main] INFO  o.s.b.a.l.ConditionEvaluationReportLoggingListener - 

Error starting ApplicationContext. To display the conditions report re-run your application with 'debug' enabled.
07:12:35.916 [main] ERROR o.s.boot.SpringApplication - Application run failed
org.springframework.beans.factory.BeanCreationException: Error creating bean with name 'requestMappingHandlerMapping' defined in class path resource [org/springframework/boot/autoconfigure/web/servlet/WebMvcAutoConfiguration$EnableWebMvcConfiguration.class]: Invocation of init method failed; nested exception is java.lang.IllegalStateException: Ambiguous mapping. Cannot map 'websocketController' method 
private java.lang.String com.zhang.start.controller.WebsocketController.index()
to {[/hello]}: There is already 'helloController' bean method
private java.lang.String com.zhang.start.controller.HelloController.index() mapped.
	at org.springframework.beans.factory.support.AbstractAutowireCapableBeanFactory.initializeBean(AbstractAutowireCapableBeanFactory.java:1699)
	at org.springframework.beans.factory.support.AbstractAutowireCapableBeanFactory.doCreateBean(AbstractAutowireCapableBeanFactory.java:573)
	at org.springframework.beans.factory.support.AbstractAutowireCapableBeanFactory.createBean(AbstractAutowireCapableBeanFactory.java:495)
	at org.springframework.beans.factory.support.AbstractBeanFactory.lambda$doGetBean$0(AbstractBeanFactory.java:317)
	at org.springframework.beans.factory.support.DefaultSingletonBeanRegistry.getSingleton(DefaultSingletonBeanRegistry.java:222)
	at org.springframework.beans.factory.support.AbstractBeanFactory.doGetBean(AbstractBeanFactory.java:315)
	at org.springframework.beans.factory.support.AbstractBeanFactory.getBean(AbstractBeanFactory.java:199)
	at org.springframework.beans.factory.support.DefaultListableBeanFactory.preInstantiateSingletons(DefaultListableBeanFactory.java:759)
	at org.springframework.context.support.AbstractApplicationContext.finishBeanFactoryInitialization(AbstractApplicationContext.java:869)
	at org.springframework.context.support.AbstractApplicationContext.refresh(AbstractApplicationContext.java:550)
	at org.springframework.boot.web.servlet.context.ServletWebServerApplicationContext.refresh(ServletWebServerApplicationContext.java:140)
	at org.springframework.boot.SpringApplication.refresh(SpringApplication.java:762)
	at org.springframework.boot.SpringApplication.refreshContext(SpringApplication.java:398)
	at org.springframework.boot.SpringApplication.run(SpringApplication.java:330)
	at org.springframework.boot.SpringApplication.run(SpringApplication.java:1258)
	at org.springframework.boot.SpringApplication.run(SpringApplication.java:1246)
	at com.zhang.start.SpringbootStartApplication.main(SpringbootStartApplication.java:10)
Caused by: java.lang.IllegalStateException: Ambiguous mapping. Cannot map 'websocketController' method 
private java.lang.String com.zhang.start.controller.WebsocketController.index()
to {[/hello]}: There is already 'helloController' bean method
private java.lang.String com.zhang.start.controller.HelloController.index() mapped.
	at org.springframework.web.servlet.handler.AbstractHandlerMethodMapping$MappingRegistry.assertUniqueMethodMapping(AbstractHandlerMethodMapping.java:580)
	at org.springframework.web.servlet.handler.AbstractHandlerMethodMapping$MappingRegistry.register(AbstractHandlerMethodMapping.java:544)
	at org.springframework.web.servlet.handler.AbstractHandlerMethodMapping.registerHandlerMethod(AbstractHandlerMethodMapping.java:265)
	at org.springframework.web.servlet.handler.AbstractHandlerMethodMapping.lambda$detectHandlerMethods$1(AbstractHandlerMethodMapping.java:250)
	at java.base/java.util.LinkedHashMap.forEach(LinkedHashMap.java:684)
	at org.springframework.web.servlet.handler.AbstractHandlerMethodMapping.detectHandlerMethods(AbstractHandlerMethodMapping.java:248)
	at org.springframework.web.servlet.handler.AbstractHandlerMethodMapping.initHandlerMethods(AbstractHandlerMethodMapping.java:218)
	at org.springframework.web.servlet.handler.AbstractHandlerMethodMapping.afterPropertiesSet(AbstractHandlerMethodMapping.java:188)
	at org.springframework.web.servlet.mvc.method.annotation.RequestMappingHandlerMapping.afterPropertiesSet(RequestMappingHandlerMapping.java:136)
	at org.springframework.beans.factory.support.AbstractAutowireCapableBeanFactory.invokeInitMethods(AbstractAutowireCapableBeanFactory.java:1758)
	at org.springframework.beans.factory.support.AbstractAutowireCapableBeanFactory.initializeBean(AbstractAutowireCapableBeanFactory.java:1695)
	... 16 common frames omitted
07:13:35.562 [main] INFO  c.z.start.SpringbootStartApplication - Starting SpringbootStartApplication on 192.168.2.103 with PID 67459 (/Users/zhangchenghao/code_learn/springboot-start/target/classes started by zhangchenghao in /Users/zhangchenghao/code_learn)
07:13:35.587 [main] INFO  c.z.start.SpringbootStartApplication - No active profile set, falling back to default profiles: default
07:13:35.683 [main] INFO  o.s.b.w.s.c.AnnotationConfigServletWebServerApplicationContext - Refreshing org.springframework.boot.web.servlet.context.AnnotationConfigServletWebServerApplicationContext@6b00f608: startup date [Wed Aug 29 07:13:35 CST 2018]; root of context hierarchy
07:13:36.887 [main] INFO  o.s.b.w.e.tomcat.TomcatWebServer - Tomcat initialized with port(s): 9090 (http)
07:13:36.898 [main] INFO  o.a.coyote.http11.Http11NioProtocol - Initializing ProtocolHandler ["http-nio-9090"]
07:13:36.906 [main] INFO  o.a.catalina.core.StandardService - Starting service [Tomcat]
07:13:36.906 [main] INFO  o.a.catalina.core.StandardEngine - Starting Servlet Engine: Apache Tomcat/8.5.32
07:13:36.909 [localhost-startStop-1] INFO  o.a.c.core.AprLifecycleListener - The APR based Apache Tomcat Native library which allows optimal performance in production environments was not found on the java.library.path: [/Users/zhangchenghao/Library/Java/Extensions:/Library/Java/Extensions:/Network/Library/Java/Extensions:/System/Library/Java/Extensions:/usr/lib/java:.]
07:13:36.971 [localhost-startStop-1] INFO  o.a.c.c.C.[Tomcat].[localhost].[/] - Initializing Spring embedded WebApplicationContext
07:13:36.973 [localhost-startStop-1] INFO  o.s.web.context.ContextLoader - Root WebApplicationContext: initialization completed in 1288 ms
07:13:37.020 [localhost-startStop-1] INFO  o.s.b.w.s.ServletRegistrationBean - Servlet dispatcherServlet mapped to [/]
07:13:37.023 [localhost-startStop-1] INFO  o.s.b.w.s.FilterRegistrationBean - Mapping filter: 'characterEncodingFilter' to: [/*]
07:13:37.023 [localhost-startStop-1] INFO  o.s.b.w.s.FilterRegistrationBean - Mapping filter: 'hiddenHttpMethodFilter' to: [/*]
07:13:37.024 [localhost-startStop-1] INFO  o.s.b.w.s.FilterRegistrationBean - Mapping filter: 'httpPutFormContentFilter' to: [/*]
07:13:37.024 [localhost-startStop-1] INFO  o.s.b.w.s.FilterRegistrationBean - Mapping filter: 'requestContextFilter' to: [/*]
07:13:37.154 [main] INFO  o.s.w.s.h.SimpleUrlHandlerMapping - Mapped URL path [/**/favicon.ico] onto handler of type [class org.springframework.web.servlet.resource.ResourceHttpRequestHandler]
07:13:37.298 [main] INFO  o.s.w.s.m.m.a.RequestMappingHandlerAdapter - Looking for @ControllerAdvice: org.springframework.boot.web.servlet.context.AnnotationConfigServletWebServerApplicationContext@6b00f608: startup date [Wed Aug 29 07:13:35 CST 2018]; root of context hierarchy
07:13:37.331 [main] INFO  o.s.w.s.m.m.a.RequestMappingHandlerMapping - Mapped "{[/hello]}" onto private java.lang.String com.zhang.start.controller.HelloController.index()
07:13:37.332 [main] INFO  o.s.w.s.m.m.a.RequestMappingHandlerMapping - Mapped "{[/testErr]}" onto private java.lang.String com.zhang.start.controller.HelloController.testErr()
07:13:37.335 [main] INFO  o.s.w.s.m.m.a.RequestMappingHandlerMapping - Mapped "{[/error]}" onto public org.springframework.http.ResponseEntity<java.util.Map<java.lang.String, java.lang.Object>> org.springframework.boot.autoconfigure.web.servlet.error.BasicErrorController.error(javax.servlet.http.HttpServletRequest)
07:13:37.335 [main] INFO  o.s.w.s.m.m.a.RequestMappingHandlerMapping - Mapped "{[/error],produces=[text/html]}" onto public org.springframework.web.servlet.ModelAndView org.springframework.boot.autoconfigure.web.servlet.error.BasicErrorController.errorHtml(javax.servlet.http.HttpServletRequest,javax.servlet.http.HttpServletResponse)
07:13:37.355 [main] INFO  o.s.w.s.h.SimpleUrlHandlerMapping - Mapped URL path [/webjars/**] onto handler of type [class org.springframework.web.servlet.resource.ResourceHttpRequestHandler]
07:13:37.356 [main] INFO  o.s.w.s.h.SimpleUrlHandlerMapping - Mapped URL path [/**] onto handler of type [class org.springframework.web.servlet.resource.ResourceHttpRequestHandler]
07:13:37.369 [main] INFO  o.s.w.s.m.m.a.ExceptionHandlerExceptionResolver - Detected @ExceptionHandler methods in myControllerAdvice
07:13:37.485 [main] INFO  o.s.w.s.s.s.ServerEndpointExporter - Registering @ServerEndpoint class: class com.zhang.start.websocket.WebSocketServer
07:13:37.496 [main] INFO  o.s.j.e.a.AnnotationMBeanExporter - Registering beans for JMX exposure on startup
07:13:37.507 [main] INFO  o.a.coyote.http11.Http11NioProtocol - Starting ProtocolHandler ["http-nio-9090"]
07:13:37.521 [main] INFO  o.a.tomcat.util.net.NioSelectorPool - Using a shared selector for servlet write/read
07:13:37.535 [main] INFO  o.s.b.w.e.tomcat.TomcatWebServer - Tomcat started on port(s): 9090 (http) with context path ''
07:13:37.542 [main] INFO  c.z.start.SpringbootStartApplication - Started SpringbootStartApplication in 2.368 seconds (JVM running for 3.445)
07:14:11.693 [http-nio-9090-exec-1] INFO  o.a.c.c.C.[Tomcat].[localhost].[/] - Initializing Spring FrameworkServlet 'dispatcherServlet'
07:14:11.694 [http-nio-9090-exec-1] INFO  o.s.web.servlet.DispatcherServlet - FrameworkServlet 'dispatcherServlet': initialization started
07:14:11.724 [http-nio-9090-exec-1] INFO  o.s.web.servlet.DispatcherServlet - FrameworkServlet 'dispatcherServlet': initialization completed in 30 ms
07:16:54.610 [Thread-7] INFO  o.s.b.w.s.c.AnnotationConfigServletWebServerApplicationContext - Closing org.springframework.boot.web.servlet.context.AnnotationConfigServletWebServerApplicationContext@6b00f608: startup date [Wed Aug 29 07:13:35 CST 2018]; root of context hierarchy
07:16:54.613 [Thread-7] INFO  o.s.j.e.a.AnnotationMBeanExporter - Unregistering JMX-exposed beans on shutdown
07:16:58.272 [main] INFO  c.z.start.SpringbootStartApplication - Starting SpringbootStartApplication on 192.168.2.103 with PID 67519 (/Users/zhangchenghao/code_learn/springboot-start/target/classes started by zhangchenghao in /Users/zhangchenghao/code_learn)
07:16:58.281 [main] INFO  c.z.start.SpringbootStartApplication - No active profile set, falling back to default profiles: default
07:16:58.331 [main] INFO  o.s.b.w.s.c.AnnotationConfigServletWebServerApplicationContext - Refreshing org.springframework.boot.web.servlet.context.AnnotationConfigServletWebServerApplicationContext@5e1fa5b1: startup date [Wed Aug 29 07:16:58 CST 2018]; root of context hierarchy
07:16:59.600 [main] INFO  o.s.b.w.e.tomcat.TomcatWebServer - Tomcat initialized with port(s): 9090 (http)
07:16:59.611 [main] INFO  o.a.coyote.http11.Http11NioProtocol - Initializing ProtocolHandler ["http-nio-9090"]
07:16:59.619 [main] INFO  o.a.catalina.core.StandardService - Starting service [Tomcat]
07:16:59.619 [main] INFO  o.a.catalina.core.StandardEngine - Starting Servlet Engine: Apache Tomcat/8.5.32
07:16:59.622 [localhost-startStop-1] INFO  o.a.c.core.AprLifecycleListener - The APR based Apache Tomcat Native library which allows optimal performance in production environments was not found on the java.library.path: [/Users/zhangchenghao/Library/Java/Extensions:/Library/Java/Extensions:/Network/Library/Java/Extensions:/System/Library/Java/Extensions:/usr/lib/java:.]
07:16:59.681 [localhost-startStop-1] INFO  o.a.c.c.C.[Tomcat].[localhost].[/] - Initializing Spring embedded WebApplicationContext
07:16:59.681 [localhost-startStop-1] INFO  o.s.web.context.ContextLoader - Root WebApplicationContext: initialization completed in 1350 ms
07:16:59.718 [localhost-startStop-1] INFO  o.s.b.w.s.ServletRegistrationBean - Servlet dispatcherServlet mapped to [/]
07:16:59.720 [localhost-startStop-1] INFO  o.s.b.w.s.FilterRegistrationBean - Mapping filter: 'characterEncodingFilter' to: [/*]
07:16:59.721 [localhost-startStop-1] INFO  o.s.b.w.s.FilterRegistrationBean - Mapping filter: 'hiddenHttpMethodFilter' to: [/*]
07:16:59.721 [localhost-startStop-1] INFO  o.s.b.w.s.FilterRegistrationBean - Mapping filter: 'httpPutFormContentFilter' to: [/*]
07:16:59.721 [localhost-startStop-1] INFO  o.s.b.w.s.FilterRegistrationBean - Mapping filter: 'requestContextFilter' to: [/*]
07:16:59.830 [main] INFO  o.s.w.s.h.SimpleUrlHandlerMapping - Mapped URL path [/**/favicon.ico] onto handler of type [class org.springframework.web.servlet.resource.ResourceHttpRequestHandler]
07:17:00.000 [main] INFO  o.s.w.s.m.m.a.RequestMappingHandlerAdapter - Looking for @ControllerAdvice: org.springframework.boot.web.servlet.context.AnnotationConfigServletWebServerApplicationContext@5e1fa5b1: startup date [Wed Aug 29 07:16:58 CST 2018]; root of context hierarchy
07:17:00.061 [main] INFO  o.s.w.s.m.m.a.RequestMappingHandlerMapping - Mapped "{[/hello]}" onto private java.lang.String com.zhang.start.controller.HelloController.index()
07:17:00.062 [main] INFO  o.s.w.s.m.m.a.RequestMappingHandlerMapping - Mapped "{[/testErr]}" onto private java.lang.String com.zhang.start.controller.HelloController.testErr()
07:17:00.065 [main] INFO  o.s.w.s.m.m.a.RequestMappingHandlerMapping - Mapped "{[/error]}" onto public org.springframework.http.ResponseEntity<java.util.Map<java.lang.String, java.lang.Object>> org.springframework.boot.autoconfigure.web.servlet.error.BasicErrorController.error(javax.servlet.http.HttpServletRequest)
07:17:00.065 [main] INFO  o.s.w.s.m.m.a.RequestMappingHandlerMapping - Mapped "{[/error],produces=[text/html]}" onto public org.springframework.web.servlet.ModelAndView org.springframework.boot.autoconfigure.web.servlet.error.BasicErrorController.errorHtml(javax.servlet.http.HttpServletRequest,javax.servlet.http.HttpServletResponse)
07:17:00.081 [main] INFO  o.s.w.s.h.SimpleUrlHandlerMapping - Mapped URL path [/webjars/**] onto handler of type [class org.springframework.web.servlet.resource.ResourceHttpRequestHandler]
07:17:00.081 [main] INFO  o.s.w.s.h.SimpleUrlHandlerMapping - Mapped URL path [/**] onto handler of type [class org.springframework.web.servlet.resource.ResourceHttpRequestHandler]
07:17:00.102 [main] INFO  o.s.w.s.m.m.a.ExceptionHandlerExceptionResolver - Detected @ExceptionHandler methods in myControllerAdvice
07:17:00.197 [main] INFO  o.s.w.s.s.s.ServerEndpointExporter - Registering @ServerEndpoint class: class com.zhang.start.websocket.WebSocketServer
07:17:00.203 [main] INFO  o.s.j.e.a.AnnotationMBeanExporter - Registering beans for JMX exposure on startup
07:17:00.219 [main] INFO  o.a.coyote.http11.Http11NioProtocol - Starting ProtocolHandler ["http-nio-9090"]
07:17:00.231 [main] INFO  o.a.tomcat.util.net.NioSelectorPool - Using a shared selector for servlet write/read
07:17:00.246 [main] INFO  o.s.b.w.e.tomcat.TomcatWebServer - Tomcat started on port(s): 9090 (http) with context path ''
07:17:00.250 [main] INFO  c.z.start.SpringbootStartApplication - Started SpringbootStartApplication in 2.391 seconds (JVM running for 3.438)
07:17:23.816 [http-nio-9090-exec-1] INFO  o.a.c.c.C.[Tomcat].[localhost].[/] - Initializing Spring FrameworkServlet 'dispatcherServlet'
07:17:23.816 [http-nio-9090-exec-1] INFO  o.s.web.servlet.DispatcherServlet - FrameworkServlet 'dispatcherServlet': initialization started
07:17:23.827 [http-nio-9090-exec-1] INFO  o.s.web.servlet.DispatcherServlet - FrameworkServlet 'dispatcherServlet': initialization completed in 10 ms
07:18:52.642 [Thread-7] INFO  o.s.b.w.s.c.AnnotationConfigServletWebServerApplicationContext - Closing org.springframework.boot.web.servlet.context.AnnotationConfigServletWebServerApplicationContext@5e1fa5b1: startup date [Wed Aug 29 07:16:58 CST 2018]; root of context hierarchy
07:18:52.645 [Thread-7] INFO  o.s.j.e.a.AnnotationMBeanExporter - Unregistering JMX-exposed beans on shutdown
07:18:55.238 [main] INFO  c.z.start.SpringbootStartApplication - Starting SpringbootStartApplication on 192.168.2.103 with PID 67529 (/Users/zhangchenghao/code_learn/springboot-start/target/classes started by zhangchenghao in /Users/zhangchenghao/code_learn)
07:18:55.243 [main] INFO  c.z.start.SpringbootStartApplication - No active profile set, falling back to default profiles: default
07:18:55.279 [main] INFO  o.s.b.w.s.c.AnnotationConfigServletWebServerApplicationContext - Refreshing org.springframework.boot.web.servlet.context.AnnotationConfigServletWebServerApplicationContext@5e1fa5b1: startup date [Wed Aug 29 07:18:55 CST 2018]; root of context hierarchy
07:18:56.716 [main] INFO  o.s.b.w.e.tomcat.TomcatWebServer - Tomcat initialized with port(s): 9090 (http)
07:18:56.727 [main] INFO  o.a.coyote.http11.Http11NioProtocol - Initializing ProtocolHandler ["http-nio-9090"]
07:18:56.734 [main] INFO  o.a.catalina.core.StandardService - Starting service [Tomcat]
07:18:56.735 [main] INFO  o.a.catalina.core.StandardEngine - Starting Servlet Engine: Apache Tomcat/8.5.32
07:18:56.739 [localhost-startStop-1] INFO  o.a.c.core.AprLifecycleListener - The APR based Apache Tomcat Native library which allows optimal performance in production environments was not found on the java.library.path: [/Users/zhangchenghao/Library/Java/Extensions:/Library/Java/Extensions:/Network/Library/Java/Extensions:/System/Library/Java/Extensions:/usr/lib/java:.]
07:18:56.806 [localhost-startStop-1] INFO  o.a.c.c.C.[Tomcat].[localhost].[/] - Initializing Spring embedded WebApplicationContext
07:18:56.807 [localhost-startStop-1] INFO  o.s.web.context.ContextLoader - Root WebApplicationContext: initialization completed in 1528 ms
07:18:56.846 [localhost-startStop-1] INFO  o.s.b.w.s.ServletRegistrationBean - Servlet dispatcherServlet mapped to [/]
07:18:56.849 [localhost-startStop-1] INFO  o.s.b.w.s.FilterRegistrationBean - Mapping filter: 'characterEncodingFilter' to: [/*]
07:18:56.850 [localhost-startStop-1] INFO  o.s.b.w.s.FilterRegistrationBean - Mapping filter: 'hiddenHttpMethodFilter' to: [/*]
07:18:56.850 [localhost-startStop-1] INFO  o.s.b.w.s.FilterRegistrationBean - Mapping filter: 'httpPutFormContentFilter' to: [/*]
07:18:56.850 [localhost-startStop-1] INFO  o.s.b.w.s.FilterRegistrationBean - Mapping filter: 'requestContextFilter' to: [/*]
07:18:56.979 [main] INFO  o.s.w.s.h.SimpleUrlHandlerMapping - Mapped URL path [/**/favicon.ico] onto handler of type [class org.springframework.web.servlet.resource.ResourceHttpRequestHandler]
07:18:57.170 [main] INFO  o.s.w.s.m.m.a.RequestMappingHandlerAdapter - Looking for @ControllerAdvice: org.springframework.boot.web.servlet.context.AnnotationConfigServletWebServerApplicationContext@5e1fa5b1: startup date [Wed Aug 29 07:18:55 CST 2018]; root of context hierarchy
07:18:57.211 [main] INFO  o.s.w.s.m.m.a.RequestMappingHandlerMapping - Mapped "{[/hello]}" onto private java.lang.String com.zhang.start.controller.HelloController.index()
07:18:57.212 [main] INFO  o.s.w.s.m.m.a.RequestMappingHandlerMapping - Mapped "{[/testErr]}" onto private java.lang.String com.zhang.start.controller.HelloController.testErr()
07:18:57.215 [main] INFO  o.s.w.s.m.m.a.RequestMappingHandlerMapping - Mapped "{[/error]}" onto public org.springframework.http.ResponseEntity<java.util.Map<java.lang.String, java.lang.Object>> org.springframework.boot.autoconfigure.web.servlet.error.BasicErrorController.error(javax.servlet.http.HttpServletRequest)
07:18:57.215 [main] INFO  o.s.w.s.m.m.a.RequestMappingHandlerMapping - Mapped "{[/error],produces=[text/html]}" onto public org.springframework.web.servlet.ModelAndView org.springframework.boot.autoconfigure.web.servlet.error.BasicErrorController.errorHtml(javax.servlet.http.HttpServletRequest,javax.servlet.http.HttpServletResponse)
07:18:57.230 [main] INFO  o.s.w.s.h.SimpleUrlHandlerMapping - Mapped URL path [/webjars/**] onto handler of type [class org.springframework.web.servlet.resource.ResourceHttpRequestHandler]
07:18:57.231 [main] INFO  o.s.w.s.h.SimpleUrlHandlerMapping - Mapped URL path [/**] onto handler of type [class org.springframework.web.servlet.resource.ResourceHttpRequestHandler]
07:18:57.243 [main] INFO  o.s.w.s.m.m.a.ExceptionHandlerExceptionResolver - Detected @ExceptionHandler methods in myControllerAdvice
07:18:57.337 [main] INFO  o.s.w.s.s.s.ServerEndpointExporter - Registering @ServerEndpoint class: class com.zhang.start.websocket.WebSocketServer
07:18:57.342 [main] INFO  o.s.j.e.a.AnnotationMBeanExporter - Registering beans for JMX exposure on startup
07:18:57.354 [main] INFO  o.a.coyote.http11.Http11NioProtocol - Starting ProtocolHandler ["http-nio-9090"]
07:18:57.363 [main] INFO  o.a.tomcat.util.net.NioSelectorPool - Using a shared selector for servlet write/read
07:18:57.372 [main] INFO  o.s.b.w.e.tomcat.TomcatWebServer - Tomcat started on port(s): 9090 (http) with context path ''
07:18:57.377 [main] INFO  c.z.start.SpringbootStartApplication - Started SpringbootStartApplication in 2.526 seconds (JVM running for 3.687)
07:19:06.353 [http-nio-9090-exec-1] INFO  o.a.c.c.C.[Tomcat].[localhost].[/] - Initializing Spring FrameworkServlet 'dispatcherServlet'
07:19:06.353 [http-nio-9090-exec-1] INFO  o.s.web.servlet.DispatcherServlet - FrameworkServlet 'dispatcherServlet': initialization started
07:19:06.366 [http-nio-9090-exec-1] INFO  o.s.web.servlet.DispatcherServlet - FrameworkServlet 'dispatcherServlet': initialization completed in 13 ms
07:19:06.495 [http-nio-9090-exec-2] INFO  c.z.start.websocket.WebSocketServer - 有新连接加入！当前在线人数为1
07:19:14.331 [http-nio-9090-exec-4] INFO  c.z.start.websocket.WebSocketServer - 来自客户端的消息:sfdfd
07:19:26.025 [http-nio-9090-exec-5] INFO  c.z.start.websocket.WebSocketServer - 来自客户端的消息:sfdfd55
07:19:26.384 [http-nio-9090-exec-6] INFO  c.z.start.websocket.WebSocketServer - 来自客户端的消息:sfdfd55
07:19:26.556 [http-nio-9090-exec-7] INFO  c.z.start.websocket.WebSocketServer - 来自客户端的消息:sfdfd55
07:19:26.707 [http-nio-9090-exec-8] INFO  c.z.start.websocket.WebSocketServer - 来自客户端的消息:sfdfd55
07:19:26.836 [http-nio-9090-exec-9] INFO  c.z.start.websocket.WebSocketServer - 来自客户端的消息:sfdfd55
07:19:26.973 [http-nio-9090-exec-10] INFO  c.z.start.websocket.WebSocketServer - 来自客户端的消息:sfdfd55
07:19:27.199 [http-nio-9090-exec-1] INFO  c.z.start.websocket.WebSocketServer - 来自客户端的消息:sfdfd55
07:19:27.337 [http-nio-9090-exec-2] INFO  c.z.start.websocket.WebSocketServer - 来自客户端的消息:sfdfd55
07:19:27.441 [http-nio-9090-exec-3] INFO  c.z.start.websocket.WebSocketServer - 来自客户端的消息:sfdfd55
07:19:27.587 [http-nio-9090-exec-4] INFO  c.z.start.websocket.WebSocketServer - 来自客户端的消息:sfdfd55
07:19:35.198 [http-nio-9090-exec-5] INFO  c.z.start.websocket.WebSocketServer - 来自客户端的消息:sfdfd55
07:20:09.324 [http-nio-9090-exec-8] INFO  c.z.start.websocket.WebSocketServer - 来自客户端的消息:sfdfd55
07:20:10.884 [http-nio-9090-exec-9] INFO  c.z.start.websocket.WebSocketServer - 来自客户端的消息:sfdfd55
07:20:11.513 [http-nio-9090-exec-10] INFO  c.z.start.websocket.WebSocketServer - 来自客户端的消息:sfdfd55
07:20:19.228 [http-nio-9090-exec-1] INFO  c.z.start.websocket.WebSocketServer - 有一连接关闭！当前在线人数为0
07:20:19.386 [http-nio-9090-exec-3] INFO  c.z.start.websocket.WebSocketServer - 有新连接加入！当前在线人数为1
07:21:43.683 [http-nio-9090-exec-6] INFO  c.z.start.websocket.WebSocketServer - 来自客户端的消息:asfjla
07:21:57.439 [http-nio-9090-exec-7] INFO  c.z.start.websocket.WebSocketServer - 来自客户端的消息:asfjla1111
07:24:08.289 [http-nio-9090-exec-10] INFO  c.z.start.websocket.WebSocketServer - 有新连接加入！当前在线人数为2
07:24:13.951 [http-nio-9090-exec-1] INFO  c.z.start.websocket.WebSocketServer - 来自客户端的消息:rrrrr
07:24:36.656 [http-nio-9090-exec-2] INFO  c.z.start.websocket.WebSocketServer - 有一连接关闭！当前在线人数为1
09:51:49.100 [http-nio-9090-exec-4] INFO  c.z.start.websocket.WebSocketServer - 有一连接关闭！当前在线人数为0
09:51:49.296 [http-nio-9090-exec-6] INFO  c.z.start.websocket.WebSocketServer - 有新连接加入！当前在线人数为1
09:52:46.891 [http-nio-9090-exec-7] INFO  c.z.start.websocket.WebSocketServer - 有一连接关闭！当前在线人数为0
09:52:52.665 [http-nio-9090-exec-10] INFO  c.z.start.websocket.WebSocketServer - 有新连接加入！当前在线人数为1
09:53:00.745 [http-nio-9090-exec-1] INFO  c.z.start.websocket.WebSocketServer - 来自客户端的消息:eeee
09:53:04.219 [http-nio-9090-exec-2] INFO  c.z.start.websocket.WebSocketServer - 有一连接关闭！当前在线人数为0
09:53:04.331 [http-nio-9090-exec-6] INFO  c.z.start.websocket.WebSocketServer - 有新连接加入！当前在线人数为1
10:30:31.743 [http-nio-9090-exec-9] INFO  c.z.start.websocket.WebSocketServer - 有一连接关闭！当前在线人数为0
10:31:12.202 [http-nio-9090-exec-1] INFO  c.z.start.websocket.WebSocketServer - 有新连接加入！当前在线人数为1
10:31:21.623 [http-nio-9090-exec-2] INFO  c.z.start.websocket.WebSocketServer - 有一连接关闭！当前在线人数为0
10:44:54.599 [http-nio-9090-exec-7] INFO  c.z.start.websocket.WebSocketServer - 有新连接加入！当前在线人数为1
10:49:11.483 [Thread-7] INFO  o.s.b.w.s.c.AnnotationConfigServletWebServerApplicationContext - Closing org.springframework.boot.web.servlet.context.AnnotationConfigServletWebServerApplicationContext@5e1fa5b1: startup date [Wed Aug 29 07:18:55 CST 2018]; root of context hierarchy
10:49:11.500 [Thread-7] INFO  o.s.j.e.a.AnnotationMBeanExporter - Unregistering JMX-exposed beans on shutdown
10:49:11.575 [localhost-startStop-2] INFO  c.z.start.websocket.WebSocketServer - 有一连接关闭！当前在线人数为0
10:49:15.767 [main] INFO  c.z.start.SpringbootStartApplication - Starting SpringbootStartApplication on zhangch.local with PID 68722 (/Users/zhangchenghao/code_learn/springboot-start/target/classes started by zhangchenghao in /Users/zhangchenghao/code_learn)
10:49:15.771 [main] INFO  c.z.start.SpringbootStartApplication - No active profile set, falling back to default profiles: default
10:49:15.821 [main] INFO  o.s.b.w.s.c.AnnotationConfigServletWebServerApplicationContext - Refreshing org.springframework.boot.web.servlet.context.AnnotationConfigServletWebServerApplicationContext@6b00f608: startup date [Wed Aug 29 10:49:15 CST 2018]; root of context hierarchy
10:49:17.348 [main] INFO  o.s.b.w.e.tomcat.TomcatWebServer - Tomcat initialized with port(s): 9090 (http)
10:49:17.369 [main] INFO  o.a.coyote.http11.Http11NioProtocol - Initializing ProtocolHandler ["http-nio-9090"]
10:49:17.389 [main] INFO  o.a.catalina.core.StandardService - Starting service [Tomcat]
10:49:17.390 [main] INFO  o.a.catalina.core.StandardEngine - Starting Servlet Engine: Apache Tomcat/8.5.32
10:49:17.396 [localhost-startStop-1] INFO  o.a.c.core.AprLifecycleListener - The APR based Apache Tomcat Native library which allows optimal performance in production environments was not found on the java.library.path: [/Users/zhangchenghao/Library/Java/Extensions:/Library/Java/Extensions:/Network/Library/Java/Extensions:/System/Library/Java/Extensions:/usr/lib/java:.]
10:49:17.466 [localhost-startStop-1] INFO  o.a.c.c.C.[Tomcat].[localhost].[/] - Initializing Spring embedded WebApplicationContext
10:49:17.467 [localhost-startStop-1] INFO  o.s.web.context.ContextLoader - Root WebApplicationContext: initialization completed in 1646 ms
10:49:17.508 [localhost-startStop-1] INFO  o.s.b.w.s.ServletRegistrationBean - Servlet dispatcherServlet mapped to [/]
10:49:17.511 [localhost-startStop-1] INFO  o.s.b.w.s.FilterRegistrationBean - Mapping filter: 'characterEncodingFilter' to: [/*]
10:49:17.511 [localhost-startStop-1] INFO  o.s.b.w.s.FilterRegistrationBean - Mapping filter: 'hiddenHttpMethodFilter' to: [/*]
10:49:17.511 [localhost-startStop-1] INFO  o.s.b.w.s.FilterRegistrationBean - Mapping filter: 'httpPutFormContentFilter' to: [/*]
10:49:17.512 [localhost-startStop-1] INFO  o.s.b.w.s.FilterRegistrationBean - Mapping filter: 'requestContextFilter' to: [/*]
10:49:17.672 [main] INFO  o.s.w.s.h.SimpleUrlHandlerMapping - Mapped URL path [/**/favicon.ico] onto handler of type [class org.springframework.web.servlet.resource.ResourceHttpRequestHandler]
10:49:17.829 [main] INFO  o.s.w.s.m.m.a.RequestMappingHandlerAdapter - Looking for @ControllerAdvice: org.springframework.boot.web.servlet.context.AnnotationConfigServletWebServerApplicationContext@6b00f608: startup date [Wed Aug 29 10:49:15 CST 2018]; root of context hierarchy
10:49:17.900 [main] INFO  o.s.w.s.m.m.a.RequestMappingHandlerMapping - Mapped "{[/hello]}" onto private java.lang.String com.zhang.start.controller.HelloController.index()
10:49:17.901 [main] INFO  o.s.w.s.m.m.a.RequestMappingHandlerMapping - Mapped "{[/testErr]}" onto private java.lang.String com.zhang.start.controller.HelloController.testErr()
10:49:17.905 [main] INFO  o.s.w.s.m.m.a.RequestMappingHandlerMapping - Mapped "{[/error]}" onto public org.springframework.http.ResponseEntity<java.util.Map<java.lang.String, java.lang.Object>> org.springframework.boot.autoconfigure.web.servlet.error.BasicErrorController.error(javax.servlet.http.HttpServletRequest)
10:49:17.906 [main] INFO  o.s.w.s.m.m.a.RequestMappingHandlerMapping - Mapped "{[/error],produces=[text/html]}" onto public org.springframework.web.servlet.ModelAndView org.springframework.boot.autoconfigure.web.servlet.error.BasicErrorController.errorHtml(javax.servlet.http.HttpServletRequest,javax.servlet.http.HttpServletResponse)
10:49:17.925 [main] INFO  o.s.w.s.h.SimpleUrlHandlerMapping - Mapped URL path [/webjars/**] onto handler of type [class org.springframework.web.servlet.resource.ResourceHttpRequestHandler]
10:49:17.925 [main] INFO  o.s.w.s.h.SimpleUrlHandlerMapping - Mapped URL path [/**] onto handler of type [class org.springframework.web.servlet.resource.ResourceHttpRequestHandler]
10:49:17.937 [main] INFO  o.s.w.s.m.m.a.ExceptionHandlerExceptionResolver - Detected @ExceptionHandler methods in myControllerAdvice
10:49:18.044 [main] INFO  o.s.w.s.s.s.ServerEndpointExporter - Registering @ServerEndpoint class: class com.zhang.start.websocket.WebSocketServer
10:49:18.052 [main] INFO  o.s.j.e.a.AnnotationMBeanExporter - Registering beans for JMX exposure on startup
10:49:18.066 [main] INFO  o.a.coyote.http11.Http11NioProtocol - Starting ProtocolHandler ["http-nio-9090"]
10:49:18.077 [main] INFO  o.a.tomcat.util.net.NioSelectorPool - Using a shared selector for servlet write/read
10:49:18.091 [main] INFO  o.s.b.w.e.tomcat.TomcatWebServer - Tomcat started on port(s): 9090 (http) with context path ''
10:49:18.097 [main] INFO  c.z.start.SpringbootStartApplication - Started SpringbootStartApplication in 2.721 seconds (JVM running for 4.022)
10:49:31.150 [http-nio-9090-exec-1] INFO  o.a.c.c.C.[Tomcat].[localhost].[/] - Initializing Spring FrameworkServlet 'dispatcherServlet'
10:49:31.150 [http-nio-9090-exec-1] INFO  o.s.web.servlet.DispatcherServlet - FrameworkServlet 'dispatcherServlet': initialization started
10:49:31.171 [http-nio-9090-exec-1] INFO  o.s.web.servlet.DispatcherServlet - FrameworkServlet 'dispatcherServlet': initialization completed in 21 ms
10:49:37.838 [http-nio-9090-exec-2] INFO  c.z.start.websocket.WebSocketServer - 有新连接加入！当前在线人数为1
10:49:47.082 [http-nio-9090-exec-3] INFO  c.z.start.websocket.WebSocketServer - 来自客户端的消息:柔柔弱弱
10:49:48.109 [http-nio-9090-exec-4] INFO  c.z.start.websocket.WebSocketServer - 来自客户端的消息:柔柔弱弱
10:49:48.624 [http-nio-9090-exec-5] INFO  c.z.start.websocket.WebSocketServer - 来自客户端的消息:柔柔弱弱
10:49:50.862 [http-nio-9090-exec-6] INFO  c.z.start.websocket.WebSocketServer - 有一连接关闭！当前在线人数为0
10:59:46.151 [http-nio-9090-exec-2] INFO  c.z.start.websocket.WebSocketServer - 有新连接加入！当前在线人数为1
11:00:27.167 [Thread-7] INFO  o.s.b.w.s.c.AnnotationConfigServletWebServerApplicationContext - Closing org.springframework.boot.web.servlet.context.AnnotationConfigServletWebServerApplicationContext@6b00f608: startup date [Wed Aug 29 10:49:15 CST 2018]; root of context hierarchy
11:00:27.179 [Thread-7] INFO  o.s.j.e.a.AnnotationMBeanExporter - Unregistering JMX-exposed beans on shutdown
11:00:27.250 [localhost-startStop-2] INFO  c.z.start.websocket.WebSocketServer - 有一连接关闭！当前在线人数为0
11:00:29.641 [main] INFO  c.z.start.SpringbootStartApplication - Starting SpringbootStartApplication on zhangch.local with PID 68949 (/Users/zhangchenghao/code_learn/springboot-start/target/classes started by zhangchenghao in /Users/zhangchenghao/code_learn)
11:00:29.646 [main] INFO  c.z.start.SpringbootStartApplication - No active profile set, falling back to default profiles: default
11:00:29.687 [main] INFO  o.s.b.w.s.c.AnnotationConfigServletWebServerApplicationContext - Refreshing org.springframework.boot.web.servlet.context.AnnotationConfigServletWebServerApplicationContext@5e1fa5b1: startup date [Wed Aug 29 11:00:29 CST 2018]; root of context hierarchy
11:00:31.013 [main] INFO  o.s.b.w.e.tomcat.TomcatWebServer - Tomcat initialized with port(s): 9090 (http)
11:00:31.023 [main] INFO  o.a.coyote.http11.Http11NioProtocol - Initializing ProtocolHandler ["http-nio-9090"]
11:00:31.030 [main] INFO  o.a.catalina.core.StandardService - Starting service [Tomcat]
11:00:31.030 [main] INFO  o.a.catalina.core.StandardEngine - Starting Servlet Engine: Apache Tomcat/8.5.32
11:00:31.033 [localhost-startStop-1] INFO  o.a.c.core.AprLifecycleListener - The APR based Apache Tomcat Native library which allows optimal performance in production environments was not found on the java.library.path: [/Users/zhangchenghao/Library/Java/Extensions:/Library/Java/Extensions:/Network/Library/Java/Extensions:/System/Library/Java/Extensions:/usr/lib/java:.]
11:00:31.078 [localhost-startStop-1] INFO  o.a.c.c.C.[Tomcat].[localhost].[/] - Initializing Spring embedded WebApplicationContext
11:00:31.078 [localhost-startStop-1] INFO  o.s.web.context.ContextLoader - Root WebApplicationContext: initialization completed in 1391 ms
11:00:31.117 [localhost-startStop-1] INFO  o.s.b.w.s.ServletRegistrationBean - Servlet dispatcherServlet mapped to [/]
11:00:31.121 [localhost-startStop-1] INFO  o.s.b.w.s.FilterRegistrationBean - Mapping filter: 'characterEncodingFilter' to: [/*]
11:00:31.121 [localhost-startStop-1] INFO  o.s.b.w.s.FilterRegistrationBean - Mapping filter: 'hiddenHttpMethodFilter' to: [/*]
11:00:31.121 [localhost-startStop-1] INFO  o.s.b.w.s.FilterRegistrationBean - Mapping filter: 'httpPutFormContentFilter' to: [/*]
11:00:31.122 [localhost-startStop-1] INFO  o.s.b.w.s.FilterRegistrationBean - Mapping filter: 'requestContextFilter' to: [/*]
11:00:31.242 [main] INFO  o.s.w.s.h.SimpleUrlHandlerMapping - Mapped URL path [/**/favicon.ico] onto handler of type [class org.springframework.web.servlet.resource.ResourceHttpRequestHandler]
11:00:31.417 [main] INFO  o.s.w.s.m.m.a.RequestMappingHandlerAdapter - Looking for @ControllerAdvice: org.springframework.boot.web.servlet.context.AnnotationConfigServletWebServerApplicationContext@5e1fa5b1: startup date [Wed Aug 29 11:00:29 CST 2018]; root of context hierarchy
11:00:31.456 [main] INFO  o.s.w.s.m.m.a.RequestMappingHandlerMapping - Mapped "{[/hello]}" onto private java.lang.String com.zhang.start.controller.HelloController.index()
11:00:31.456 [main] INFO  o.s.w.s.m.m.a.RequestMappingHandlerMapping - Mapped "{[/testErr]}" onto private java.lang.String com.zhang.start.controller.HelloController.testErr()
11:00:31.459 [main] INFO  o.s.w.s.m.m.a.RequestMappingHandlerMapping - Mapped "{[/error]}" onto public org.springframework.http.ResponseEntity<java.util.Map<java.lang.String, java.lang.Object>> org.springframework.boot.autoconfigure.web.servlet.error.BasicErrorController.error(javax.servlet.http.HttpServletRequest)
11:00:31.461 [main] INFO  o.s.w.s.m.m.a.RequestMappingHandlerMapping - Mapped "{[/error],produces=[text/html]}" onto public org.springframework.web.servlet.ModelAndView org.springframework.boot.autoconfigure.web.servlet.error.BasicErrorController.errorHtml(javax.servlet.http.HttpServletRequest,javax.servlet.http.HttpServletResponse)
11:00:31.482 [main] INFO  o.s.w.s.h.SimpleUrlHandlerMapping - Mapped URL path [/webjars/**] onto handler of type [class org.springframework.web.servlet.resource.ResourceHttpRequestHandler]
11:00:31.482 [main] INFO  o.s.w.s.h.SimpleUrlHandlerMapping - Mapped URL path [/**] onto handler of type [class org.springframework.web.servlet.resource.ResourceHttpRequestHandler]
11:00:31.491 [main] INFO  o.s.w.s.m.m.a.ExceptionHandlerExceptionResolver - Detected @ExceptionHandler methods in myControllerAdvice
11:00:31.577 [main] INFO  o.s.w.s.s.s.ServerEndpointExporter - Registering @ServerEndpoint class: class com.zhang.start.websocket.WebSocketServer
11:00:31.582 [main] INFO  o.s.j.e.a.AnnotationMBeanExporter - Registering beans for JMX exposure on startup
11:00:31.592 [main] INFO  o.a.coyote.http11.Http11NioProtocol - Starting ProtocolHandler ["http-nio-9090"]
11:00:31.602 [main] INFO  o.a.tomcat.util.net.NioSelectorPool - Using a shared selector for servlet write/read
11:00:31.611 [main] INFO  o.s.b.w.e.tomcat.TomcatWebServer - Tomcat started on port(s): 9090 (http) with context path ''
11:00:31.615 [main] INFO  c.z.start.SpringbootStartApplication - Started SpringbootStartApplication in 2.331 seconds (JVM running for 3.425)
11:00:43.283 [http-nio-9090-exec-1] INFO  o.a.c.c.C.[Tomcat].[localhost].[/] - Initializing Spring FrameworkServlet 'dispatcherServlet'
11:00:43.283 [http-nio-9090-exec-1] INFO  o.s.web.servlet.DispatcherServlet - FrameworkServlet 'dispatcherServlet': initialization started
11:00:43.293 [http-nio-9090-exec-1] INFO  o.s.web.servlet.DispatcherServlet - FrameworkServlet 'dispatcherServlet': initialization completed in 10 ms
11:00:43.326 [http-nio-9090-exec-1] INFO  c.z.start.websocket.WebSocketServer - 有新连接加入！当前在线人数为1
11:00:52.326 [http-nio-9090-exec-2] INFO  c.z.start.websocket.WebSocketServer - 有一连接关闭！当前在线人数为0
16:20:13.233 [http-nio-9090-exec-1] INFO  c.z.start.websocket.WebSocketServer - 有新连接加入！当前在线人数为1
16:20:17.677 [http-nio-9090-exec-2] INFO  c.z.start.websocket.WebSocketServer - 来自客户端的消息:444444
16:20:19.749 [http-nio-9090-exec-3] INFO  c.z.start.websocket.WebSocketServer - 来自客户端的消息:444444
16:20:20.048 [http-nio-9090-exec-4] INFO  c.z.start.websocket.WebSocketServer - 来自客户端的消息:444444
16:20:20.208 [http-nio-9090-exec-5] INFO  c.z.start.websocket.WebSocketServer - 来自客户端的消息:444444
16:20:20.368 [http-nio-9090-exec-6] INFO  c.z.start.websocket.WebSocketServer - 来自客户端的消息:444444
16:20:21.209 [http-nio-9090-exec-7] INFO  c.z.start.websocket.WebSocketServer - 有一连接关闭！当前在线人数为0
16:20:37.108 [http-nio-9090-exec-10] INFO  c.z.start.websocket.WebSocketServer - 有新连接加入！当前在线人数为1
16:20:40.018 [http-nio-9090-exec-1] INFO  c.z.start.websocket.WebSocketServer - 来自客户端的消息:4444444
16:20:40.440 [http-nio-9090-exec-2] INFO  c.z.start.websocket.WebSocketServer - 来自客户端的消息:4444444
16:20:40.594 [http-nio-9090-exec-3] INFO  c.z.start.websocket.WebSocketServer - 来自客户端的消息:4444444
16:20:40.747 [http-nio-9090-exec-4] INFO  c.z.start.websocket.WebSocketServer - 来自客户端的消息:4444444
16:20:40.891 [http-nio-9090-exec-5] INFO  c.z.start.websocket.WebSocketServer - 来自客户端的消息:4444444
16:20:43.216 [http-nio-9090-exec-6] INFO  c.z.start.websocket.WebSocketServer - 有一连接关闭！当前在线人数为0
16:20:44.793 [http-nio-9090-exec-7] INFO  c.z.start.websocket.WebSocketServer - 有新连接加入！当前在线人数为1
16:21:44.796 [http-nio-9090-exec-9] ERROR c.z.start.websocket.WebSocketServer - 发生错误
16:21:44.810 [http-nio-9090-exec-9] INFO  c.z.start.websocket.WebSocketServer - 有一连接关闭！当前在线人数为0
16:36:11.152 [http-nio-9090-exec-10] INFO  c.z.start.websocket.WebSocketServer - 有新连接加入！当前在线人数为1
16:36:15.038 [http-nio-9090-exec-1] INFO  c.z.start.websocket.WebSocketServer - 来自客户端的消息:rrrrrr
16:36:15.846 [http-nio-9090-exec-2] INFO  c.z.start.websocket.WebSocketServer - 来自客户端的消息:rrrrrr
16:36:16.288 [http-nio-9090-exec-3] INFO  c.z.start.websocket.WebSocketServer - 来自客户端的消息:rrrrrr
16:36:16.570 [http-nio-9090-exec-4] INFO  c.z.start.websocket.WebSocketServer - 来自客户端的消息:rrrrrr
16:36:17.462 [http-nio-9090-exec-5] INFO  c.z.start.websocket.WebSocketServer - 有一连接关闭！当前在线人数为0
16:39:23.686 [http-nio-9090-exec-6] INFO  c.z.start.websocket.WebSocketServer - 有新连接加入！当前在线人数为1
16:39:27.266 [http-nio-9090-exec-7] INFO  c.z.start.websocket.WebSocketServer - 来自客户端的消息:eeeeee
16:39:27.667 [http-nio-9090-exec-8] INFO  c.z.start.websocket.WebSocketServer - 来自客户端的消息:eeeeee
16:39:27.826 [http-nio-9090-exec-9] INFO  c.z.start.websocket.WebSocketServer - 来自客户端的消息:eeeeee
16:39:27.962 [http-nio-9090-exec-10] INFO  c.z.start.websocket.WebSocketServer - 来自客户端的消息:eeeeee
16:39:28.091 [http-nio-9090-exec-1] INFO  c.z.start.websocket.WebSocketServer - 来自客户端的消息:eeeeee
16:39:28.227 [http-nio-9090-exec-2] INFO  c.z.start.websocket.WebSocketServer - 来自客户端的消息:eeeeee
16:39:28.358 [http-nio-9090-exec-3] INFO  c.z.start.websocket.WebSocketServer - 来自客户端的消息:eeeeee
16:39:28.487 [http-nio-9090-exec-4] INFO  c.z.start.websocket.WebSocketServer - 来自客户端的消息:eeeeee
16:39:28.633 [http-nio-9090-exec-5] INFO  c.z.start.websocket.WebSocketServer - 来自客户端的消息:eeeeee
16:39:28.754 [http-nio-9090-exec-6] INFO  c.z.start.websocket.WebSocketServer - 来自客户端的消息:eeeeee
16:39:28.906 [http-nio-9090-exec-7] INFO  c.z.start.websocket.WebSocketServer - 来自客户端的消息:eeeeee
16:39:31.987 [http-nio-9090-exec-8] INFO  c.z.start.websocket.WebSocketServer - 来自客户端的消息:eeeeee1
16:39:32.136 [http-nio-9090-exec-9] INFO  c.z.start.websocket.WebSocketServer - 来自客户端的消息:eeeeee1
16:39:32.279 [http-nio-9090-exec-10] INFO  c.z.start.websocket.WebSocketServer - 来自客户端的消息:eeeeee1
16:39:34.057 [http-nio-9090-exec-1] INFO  c.z.start.websocket.WebSocketServer - 有一连接关闭！当前在线人数为0
16:43:22.106 [http-nio-9090-exec-3] INFO  c.z.start.websocket.WebSocketServer - 有新连接加入！当前在线人数为1
16:43:30.247 [http-nio-9090-exec-4] INFO  c.z.start.websocket.WebSocketServer - 来自客户端的消息:2222
16:44:23.600 [http-nio-9090-exec-5] INFO  c.z.start.websocket.WebSocketServer - 有一连接关闭！当前在线人数为0
16:47:40.619 [http-nio-9090-exec-6] INFO  c.z.start.websocket.WebSocketServer - 有新连接加入！当前在线人数为1
16:48:40.579 [http-nio-9090-exec-7] ERROR c.z.start.websocket.WebSocketServer - 发生错误
16:48:40.585 [http-nio-9090-exec-7] INFO  c.z.start.websocket.WebSocketServer - 有一连接关闭！当前在线人数为0
17:13:45.213 [http-nio-9090-exec-10] INFO  c.z.start.websocket.WebSocketServer - 有新连接加入！当前在线人数为1
17:13:50.804 [http-nio-9090-exec-1] INFO  c.z.start.websocket.WebSocketServer - 来自客户端的消息:333
17:13:51.642 [http-nio-9090-exec-2] INFO  c.z.start.websocket.WebSocketServer - 来自客户端的消息:333
17:13:52.068 [http-nio-9090-exec-3] INFO  c.z.start.websocket.WebSocketServer - 来自客户端的消息:333
17:13:52.263 [http-nio-9090-exec-4] INFO  c.z.start.websocket.WebSocketServer - 来自客户端的消息:333
17:13:52.431 [http-nio-9090-exec-5] INFO  c.z.start.websocket.WebSocketServer - 来自客户端的消息:333
17:13:52.599 [http-nio-9090-exec-6] INFO  c.z.start.websocket.WebSocketServer - 来自客户端的消息:333
17:13:52.734 [http-nio-9090-exec-7] INFO  c.z.start.websocket.WebSocketServer - 来自客户端的消息:333
17:13:52.941 [http-nio-9090-exec-8] INFO  c.z.start.websocket.WebSocketServer - 来自客户端的消息:333
17:13:54.621 [http-nio-9090-exec-9] INFO  c.z.start.websocket.WebSocketServer - 有一连接关闭！当前在线人数为0
